2026-02-20 13:20:44,941 [INFO] [01/50] 현진건 - 운수 좋은 날
2026-02-20 13:20:44,942 [INFO]   → 위키문헌 시도: 운수_좋은_날
2026-02-20 13:20:45,893 [INFO]   ✓ 위키문헌 성공 (10,642자)
2026-02-20 13:20:45,896 [INFO]   ✅ 저장: collected_texts\현진건\현진건_운수_좋은_날.txt
2026-02-20 13:20:47,896 [INFO] [02/50] 현진건 - 빈처
2026-02-20 13:20:47,897 [INFO]   → 위키문헌 시도: 빈처
2026-02-20 13:20:49,011 [INFO]   ✓ 위키문헌 성공 (14,315자)
2026-02-20 13:20:49,013 [INFO]   ✅ 저장: collected_texts\현진건\현진건_빈처.txt
2026-02-20 13:20:51,014 [INFO] [03/50] 현진건 - 술 권하는 사회
2026-02-20 13:20:51,014 [INFO]   → 위키문헌 시도: 술_권하는_사회
2026-02-20 13:20:52,160 [INFO]   ✓ 위키문헌 성공 (10,932자)
2026-02-20 13:20:52,161 [INFO]   ✅ 저장: collected_texts\현진건\현진건_술_권하는_사회.txt
2026-02-20 13:20:54,162 [INFO] [04/50] 현진건 - B사감과 러브레터
2026-02-20 13:20:54,162 [INFO]   → 위키문헌 시도: B사감과_러브레터
2026-02-20 13:20:55,463 [INFO]   ✓ 위키문헌 성공 (5,630자)
2026-02-20 13:20:55,466 [INFO]   ✅ 저장: collected_texts\현진건\현진건_B사감과_러브레터.txt
2026-02-20 13:20:57,466 [INFO] [05/50] 현진건 - 고향
2026-02-20 13:20:57,466 [INFO]   → 위키문헌 시도: 고향_(현진건)
2026-02-20 13:20:58,041 [INFO]   ✓ 위키문헌 성공 (5,610자)
2026-02-20 13:20:58,042 [INFO]   ✅ 저장: collected_texts\현진건\현진건_고향.txt
2026-02-20 13:21:00,043 [INFO] [06/50] 김유정 - 봄봄
2026-02-20 13:21:00,043 [INFO]   → 위키문헌 시도: 봄봄
2026-02-20 13:21:00,973 [INFO]   ✓ 위키문헌 성공 (11,551자)
2026-02-20 13:21:00,975 [INFO]   ✅ 저장: collected_texts\김유정\김유정_봄봄.txt
2026-02-20 13:21:02,975 [INFO] [07/50] 김유정 - 동백꽃
2026-02-20 13:21:02,976 [INFO]   → 위키문헌 시도: 동백꽃
2026-02-20 13:21:04,275 [INFO]   ✓ 위키문헌 성공 (7,262자)
2026-02-20 13:21:04,276 [INFO]   ✅ 저장: collected_texts\김유정\김유정_동백꽃.txt
2026-02-20 13:21:06,277 [INFO] [08/50] 김유정 - 금 따는 콩밭
2026-02-20 13:21:06,278 [INFO]   → 위키문헌 시도: 금_따는_콩밭
2026-02-20 13:21:07,231 [INFO]   ✓ 위키문헌 성공 (10,861자)
2026-02-20 13:21:07,232 [INFO]   ✅ 저장: collected_texts\김유정\김유정_금_따는_콩밭.txt
2026-02-20 13:21:09,234 [INFO] [09/50] 김유정 - 만무방
2026-02-20 13:21:09,234 [INFO]   → 위키문헌 시도: 만무방
2026-02-20 13:21:10,395 [INFO]   ✓ 위키문헌 성공 (23,034자)
2026-02-20 13:21:10,398 [INFO]   ✅ 저장: collected_texts\김유정\김유정_만무방.txt
2026-02-20 13:21:12,399 [INFO] [10/50] 김유정 - 산골 나그네
2026-02-20 13:21:12,400 [INFO]   → 위키문헌 시도: 산골_나그네
2026-02-20 13:21:13,594 [INFO]   ✓ 위키문헌 성공 (10,277자)
2026-02-20 13:21:13,596 [INFO]   ✅ 저장: collected_texts\김유정\김유정_산골_나그네.txt
2026-02-20 13:21:15,597 [INFO] [11/50] 이상 - 날개
2026-02-20 13:21:15,597 [INFO]   → 위키문헌 시도: 날개_(소설)
2026-02-20 13:21:16,500 [WARNING]   위키문헌 실패 (날개_(소설)): 404 Client Error: Not Found for url: https://ko.wikisource.org/wiki/%EB%82%A0%EA%B0%9C_%28%EC%86%8C%EC%84%A4%29
2026-02-20 13:21:16,501 [INFO]   → 공유마당 다운로드 시도: wrtSn=9002133
2026-02-20 13:21:17,802 [INFO]   ✓ 공유마당 파일 성공 (107자)
2026-02-20 13:21:17,804 [INFO]   ✅ 저장: collected_texts\이상\이상_날개.txt
2026-02-20 13:21:19,805 [INFO] [12/50] 이상 - 봉별기
2026-02-20 13:21:19,806 [INFO]   → 위키문헌 시도: 봉별기
2026-02-20 13:21:20,451 [INFO]   ✓ 위키문헌 성공 (5,941자)
2026-02-20 13:21:20,453 [INFO]   ✅ 저장: collected_texts\이상\이상_봉별기.txt
2026-02-20 13:21:22,454 [INFO] [13/50] 이상 - 종생기
2026-02-20 13:21:22,454 [INFO]   → 위키문헌 시도: 종생기
2026-02-20 13:21:23,084 [INFO]   ✓ 위키문헌 성공 (19,549자)
2026-02-20 13:21:23,086 [INFO]   ✅ 저장: collected_texts\이상\이상_종생기.txt
2026-02-20 13:21:25,086 [INFO] [14/50] 윤동주 - 서시
2026-02-20 13:21:25,087 [INFO]   → 위키문헌 시도: 서시_(윤동주)
2026-02-20 13:21:26,227 [WARNING]   위키문헌 실패 (서시_(윤동주)): 404 Client Error: Not Found for url: https://ko.wikisource.org/wiki/%EC%84%9C%EC%8B%9C_%28%EC%9C%A4%EB%8F%99%EC%A3%BC%29
2026-02-20 13:21:26,232 [INFO]   → 공유마당 다운로드 시도: wrtSn=9003696
2026-02-20 13:21:27,899 [INFO]   → 공유마당 페이지 텍스트 시도
2026-02-20 13:21:28,751 [WARNING]   ❌ 실패: 윤동주 - 서시
2026-02-20 13:21:30,752 [INFO] [15/50] 윤동주 - 별 헤는 밤
2026-02-20 13:21:30,753 [INFO]   → 위키문헌 시도: 별_헤는_밤
2026-02-20 13:21:31,885 [WARNING]   위키문헌 실패 (별_헤는_밤): 404 Client Error: Not Found for url: https://ko.wikisource.org/wiki/%EB%B3%84_%ED%97%A4%EB%8A%94_%EB%B0%A4
2026-02-20 13:21:31,886 [INFO]   → 공유마당 다운로드 시도: wrtSn=9003699
2026-02-20 13:21:33,598 [INFO]   → 공유마당 페이지 텍스트 시도
2026-02-20 13:21:34,507 [WARNING]   ❌ 실패: 윤동주 - 별 헤는 밤
2026-02-20 13:21:36,508 [INFO] [16/50] 윤동주 - 자화상
2026-02-20 13:21:36,508 [INFO]   → 위키문헌 시도: 자화상_(윤동주)
2026-02-20 13:21:37,416 [WARNING]   위키문헌 실패 (자화상_(윤동주)): 404 Client Error: Not Found for url: https://ko.wikisource.org/wiki/%EC%9E%90%ED%99%94%EC%83%81_%28%EC%9C%A4%EB%8F%99%EC%A3%BC%29
2026-02-20 13:21:37,418 [WARNING]   ❌ 실패: 윤동주 - 자화상
2026-02-20 13:21:39,418 [INFO] [17/50] 윤동주 - 길
2026-02-20 13:21:39,418 [INFO]   → 위키문헌 시도: 길_(윤동주)
2026-02-20 13:21:40,713 [WARNING]   위키문헌 실패 (길_(윤동주)): 404 Client Error: Not Found for url: https://ko.wikisource.org/wiki/%EA%B8%B8_%28%EC%9C%A4%EB%8F%99%EC%A3%BC%29
2026-02-20 13:21:40,715 [INFO]   → 공유마당 다운로드 시도: wrtSn=9030106
2026-02-20 13:21:41,934 [INFO]   ✓ 공유마당 파일 성공 (188자)
2026-02-20 13:21:41,935 [INFO]   ✅ 저장: collected_texts\윤동주\윤동주_길.txt
2026-02-20 13:21:43,935 [INFO] [18/50] 김소월 - 진달래꽃
2026-02-20 13:21:43,936 [INFO]   → 위키문헌 시도: 진달래꽃
2026-02-20 13:21:44,988 [INFO]   → 공유마당 다운로드 시도: wrtSn=9002074
2026-02-20 13:21:46,186 [INFO]   ✓ 공유마당 파일 성공 (442자)
2026-02-20 13:21:46,187 [INFO]   ✅ 저장: collected_texts\김소월\김소월_진달래꽃.txt
2026-02-20 13:21:48,187 [INFO] [19/50] 김소월 - 산유화
2026-02-20 13:21:48,188 [INFO]   → 위키문헌 시도: 산유화
2026-02-20 13:21:49,327 [WARNING]   위키문헌 실패 (산유화): 404 Client Error: Not Found for url: https://ko.wikisource.org/wiki/%EC%82%B0%EC%9C%A0%ED%99%94
2026-02-20 13:21:49,329 [WARNING]   ❌ 실패: 김소월 - 산유화
2026-02-20 13:21:51,330 [INFO] [20/50] 김소월 - 초혼
2026-02-20 13:21:51,330 [INFO]   → 위키문헌 시도: 초혼_(김소월)
2026-02-20 13:21:52,468 [WARNING]   위키문헌 실패 (초혼_(김소월)): 404 Client Error: Not Found for url: https://ko.wikisource.org/wiki/%EC%B4%88%ED%98%BC_%28%EA%B9%80%EC%86%8C%EC%9B%94%29
2026-02-20 13:21:52,470 [WARNING]   ❌ 실패: 김소월 - 초혼
2026-02-20 13:21:54,470 [INFO] [21/50] 한용운 - 님의 침묵
2026-02-20 13:21:54,470 [INFO]   → 위키문헌 시도: 님의_침묵
2026-02-20 13:21:55,096 [INFO]   ✓ 위키문헌 성공 (289자)
2026-02-20 13:21:55,098 [INFO]   ✅ 저장: collected_texts\한용운\한용운_님의_침묵.txt
2026-02-20 13:21:57,098 [INFO] [22/50] 한용운 - 알 수 없어요
2026-02-20 13:21:57,099 [INFO]   → 위키문헌 시도: 알_수_없어요
2026-02-20 13:21:58,447 [WARNING]   위키문헌 실패 (알_수_없어요): 404 Client Error: Not Found for url: https://ko.wikisource.org/wiki/%EC%95%8C_%EC%88%98_%EC%97%86%EC%96%B4%EC%9A%94
2026-02-20 13:21:58,451 [WARNING]   ❌ 실패: 한용운 - 알 수 없어요
2026-02-20 13:22:00,452 [INFO] [23/50] 한용운 - 나룻배와 행인
2026-02-20 13:22:00,452 [INFO]   → 위키문헌 시도: 나룻배와_행인
2026-02-20 13:22:01,389 [WARNING]   위키문헌 실패 (나룻배와_행인): 404 Client Error: Not Found for url: https://ko.wikisource.org/wiki/%EB%82%98%EB%A3%BB%EB%B0%B0%EC%99%80_%ED%96%89%EC%9D%B8
2026-02-20 13:22:01,390 [WARNING]   ❌ 실패: 한용운 - 나룻배와 행인
2026-02-20 13:22:03,392 [INFO] [24/50] 이효석 - 메밀꽃 필 무렵
2026-02-20 13:22:03,392 [INFO]   → 위키문헌 시도: 메밀꽃_필_무렵
2026-02-20 13:22:04,325 [INFO]   ✓ 위키문헌 성공 (9,077자)
2026-02-20 13:22:04,327 [INFO]   ✅ 저장: collected_texts\이효석\이효석_메밀꽃_필_무렵.txt
2026-02-20 13:22:06,328 [INFO] [25/50] 이효석 - 돈
2026-02-20 13:22:06,328 [INFO]   → 위키문헌 시도: 돈_(이효석)
2026-02-20 13:22:07,264 [WARNING]   위키문헌 실패 (돈_(이효석)): 404 Client Error: Not Found for url: https://ko.wikisource.org/wiki/%EB%8F%88_%28%EC%9D%B4%ED%9A%A8%EC%84%9D%29
2026-02-20 13:22:07,266 [INFO]   → 공유마당 다운로드 시도: wrtSn=9002227
2026-02-20 13:22:09,010 [INFO]   → 공유마당 페이지 텍스트 시도
2026-02-20 13:22:09,833 [WARNING]   ❌ 실패: 이효석 - 돈
2026-02-20 13:22:11,835 [INFO] [26/50] 이효석 - 산
2026-02-20 13:22:11,836 [INFO]   → 공유마당 다운로드 시도: wrtSn=9002229
2026-02-20 13:22:13,616 [INFO]   → 공유마당 페이지 텍스트 시도
2026-02-20 13:22:14,527 [WARNING]   ❌ 실패: 이효석 - 산
2026-02-20 13:22:16,528 [INFO] [27/50] 나도향 - 벙어리 삼룡이
2026-02-20 13:22:16,528 [INFO]   → 위키문헌 시도: 벙어리_삼룡이
2026-02-20 13:22:17,434 [INFO]   ✓ 위키문헌 성공 (10,746자)
2026-02-20 13:22:17,436 [INFO]   ✅ 저장: collected_texts\나도향\나도향_벙어리_삼룡이.txt
2026-02-20 13:22:19,436 [INFO] [28/50] 나도향 - 물레방아
2026-02-20 13:22:19,436 [INFO]   → 위키문헌 시도: 물레방아_(나도향)
2026-02-20 13:22:20,322 [WARNING]   위키문헌 실패 (물레방아_(나도향)): 404 Client Error: Not Found for url: https://ko.wikisource.org/wiki/%EB%AC%BC%EB%A0%88%EB%B0%A9%EC%95%84_%28%EB%82%98%EB%8F%84%ED%96%A5%29
2026-02-20 13:22:20,323 [INFO]   → 공유마당 다운로드 시도: wrtSn=9002105
2026-02-20 13:22:21,564 [INFO]   ✓ 공유마당 파일 성공 (345자)
2026-02-20 13:22:21,565 [INFO]   ✅ 저장: collected_texts\나도향\나도향_물레방아.txt
2026-02-20 13:22:23,566 [INFO] [29/50] 나도향 - 뽕
2026-02-20 13:22:23,566 [INFO]   → 공유마당 다운로드 시도: wrtSn=9002102
2026-02-20 13:22:24,973 [INFO]   ✓ 공유마당 파일 성공 (226,527자)
2026-02-20 13:22:24,976 [INFO]   ✅ 저장: collected_texts\나도향\나도향_뽕.txt
2026-02-20 13:22:26,976 [INFO] [30/50] 김동인 - 감자
2026-02-20 13:22:26,977 [INFO]   → 위키문헌 시도: 감자_(소설)
2026-02-20 13:22:27,888 [WARNING]   위키문헌 실패 (감자_(소설)): 404 Client Error: Not Found for url: https://ko.wikisource.org/wiki/%EA%B0%90%EC%9E%90_%28%EC%86%8C%EC%84%A4%29
2026-02-20 13:22:27,889 [INFO]   → 공유마당 다운로드 시도: wrtSn=9002060
2026-02-20 13:22:28,989 [INFO]   ✓ 공유마당 파일 성공 (137자)
2026-02-20 13:22:28,991 [INFO]   ✅ 저장: collected_texts\김동인\김동인_감자.txt
2026-02-20 13:22:30,992 [INFO] [31/50] 김동인 - 배따라기
2026-02-20 13:22:30,992 [INFO]   → 위키문헌 시도: 배따라기
2026-02-20 13:22:32,135 [INFO]   ✓ 위키문헌 성공 (12,578자)
2026-02-20 13:22:32,136 [INFO]   ✅ 저장: collected_texts\김동인\김동인_배따라기.txt
2026-02-20 13:22:34,136 [INFO] [32/50] 김동인 - 광화사
2026-02-20 13:22:34,137 [INFO]   → 위키문헌 시도: 광화사_(소설)
2026-02-20 13:22:35,032 [WARNING]   위키문헌 실패 (광화사_(소설)): 404 Client Error: Not Found for url: https://ko.wikisource.org/wiki/%EA%B4%91%ED%99%94%EC%82%AC_%28%EC%86%8C%EC%84%A4%29
2026-02-20 13:22:35,033 [INFO]   → 공유마당 다운로드 시도: wrtSn=9002063
2026-02-20 13:22:36,166 [INFO]   ✓ 공유마당 파일 성공 (179자)
2026-02-20 13:22:36,167 [INFO]   ✅ 저장: collected_texts\김동인\김동인_광화사.txt
2026-02-20 13:22:38,167 [INFO] [33/50] 김동인 - 광염소나타
2026-02-20 13:22:38,168 [INFO]   → 위키문헌 시도: 광염소나타
2026-02-20 13:22:39,138 [INFO]   ✓ 위키문헌 성공 (19,134자)
2026-02-20 13:22:39,140 [INFO]   ✅ 저장: collected_texts\김동인\김동인_광염소나타.txt
2026-02-20 13:22:41,141 [INFO] [34/50] 김동인 - 발가락이 닮았다
2026-02-20 13:22:41,141 [INFO]   → 위키문헌 시도: 발가락이_닮았다
2026-02-20 13:22:42,027 [INFO]   ✓ 위키문헌 성공 (10,662자)
2026-02-20 13:22:42,028 [INFO]   ✅ 저장: collected_texts\김동인\김동인_발가락이_닮았다.txt
2026-02-20 13:22:44,028 [INFO] [35/50] 채만식 - 레디메이드 인생
2026-02-20 13:22:44,029 [INFO]   → 위키문헌 시도: 레디메이드_인생
2026-02-20 13:22:45,352 [INFO]   ✓ 위키문헌 성공 (24,186자)
2026-02-20 13:22:45,353 [INFO]   ✅ 저장: collected_texts\채만식\채만식_레디메이드_인생.txt
2026-02-20 13:22:47,354 [INFO] [36/50] 채만식 - 치숙
2026-02-20 13:22:47,354 [INFO]   → 위키문헌 시도: 치숙
2026-02-20 13:22:48,709 [INFO]   ✓ 위키문헌 성공 (14,453자)
2026-02-20 13:22:48,710 [INFO]   ✅ 저장: collected_texts\채만식\채만식_치숙.txt
2026-02-20 13:22:50,710 [INFO] [37/50] 채만식 - 탁류
2026-02-20 13:22:50,711 [INFO]   → 공유마당 다운로드 시도: wrtSn=9002276
2026-02-20 13:22:52,437 [INFO]   → 공유마당 페이지 텍스트 시도
2026-02-20 13:22:53,267 [WARNING]   ❌ 실패: 채만식 - 탁류
2026-02-20 13:22:55,269 [INFO] [38/50] 채만식 - 태평천하
2026-02-20 13:22:55,270 [INFO]   → 공유마당 다운로드 시도: wrtSn=9002279
2026-02-20 13:22:56,992 [INFO]   → 공유마당 페이지 텍스트 시도
2026-02-20 13:22:57,803 [WARNING]   ❌ 실패: 채만식 - 태평천하
2026-02-20 13:22:59,804 [INFO] [39/50] 이광수 - 무정
2026-02-20 13:22:59,805 [INFO]   → 위키문헌 시도: 무정_(소설)
2026-02-20 13:23:00,763 [WARNING]   위키문헌 실패 (무정_(소설)): 404 Client Error: Not Found for url: https://ko.wikisource.org/wiki/%EB%AC%B4%EC%A0%95_%28%EC%86%8C%EC%84%A4%29
2026-02-20 13:23:00,764 [INFO]   → 공유마당 다운로드 시도: wrtSn=9002150
2026-02-20 13:23:02,382 [INFO]   ✓ 공유마당 파일 성공 (4,198자)
2026-02-20 13:23:02,383 [INFO]   ✅ 저장: collected_texts\이광수\이광수_무정.txt
2026-02-20 13:23:04,384 [INFO] [40/50] 최서해 - 탈출기
2026-02-20 13:23:04,384 [INFO]   → 위키문헌 시도: 탈출기
2026-02-20 13:23:05,497 [INFO]   ✓ 위키문헌 성공 (9,213자)
2026-02-20 13:23:05,498 [INFO]   ✅ 저장: collected_texts\최서해\최서해_탈출기.txt
2026-02-20 13:23:07,499 [INFO] [41/50] 최서해 - 홍염
2026-02-20 13:23:07,499 [INFO]   → 위키문헌 시도: 홍염_(최서해)
2026-02-20 13:23:08,373 [WARNING]   위키문헌 실패 (홍염_(최서해)): 404 Client Error: Not Found for url: https://ko.wikisource.org/wiki/%ED%99%8D%EC%97%BC_%28%EC%B5%9C%EC%84%9C%ED%95%B4%29
2026-02-20 13:23:08,374 [INFO]   → 공유마당 다운로드 시도: wrtSn=9002267
2026-02-20 13:23:10,097 [INFO]   → 공유마당 페이지 텍스트 시도
2026-02-20 13:23:10,951 [WARNING]   ❌ 실패: 최서해 - 홍염
2026-02-20 13:23:12,952 [INFO] [42/50] 심훈 - 상록수
2026-02-20 13:23:12,952 [INFO]   → 공유마당 다운로드 시도: wrtSn=9002184
2026-02-20 13:23:14,191 [INFO]   ✓ 공유마당 파일 성공 (353자)
2026-02-20 13:23:14,192 [INFO]   ✅ 저장: collected_texts\심훈\심훈_상록수.txt
2026-02-20 13:23:16,192 [INFO] [43/50] 이육사 - 광야
2026-02-20 13:23:16,192 [INFO]   → 위키문헌 시도: 광야_(이육사)
2026-02-20 13:23:17,030 [INFO]   ✓ 위키문헌 성공 (207자)
2026-02-20 13:23:17,032 [INFO]   ✅ 저장: collected_texts\이육사\이육사_광야.txt
2026-02-20 13:23:19,032 [INFO] [44/50] 이육사 - 절정
2026-02-20 13:23:19,033 [INFO]   → 위키문헌 시도: 절정_(이육사)
2026-02-20 13:23:19,967 [WARNING]   위키문헌 실패 (절정_(이육사)): 404 Client Error: Not Found for url: https://ko.wikisource.org/wiki/%EC%A0%88%EC%A0%95_%28%EC%9D%B4%EC%9C%A1%EC%82%AC%29
2026-02-20 13:23:19,968 [WARNING]   ❌ 실패: 이육사 - 절정
2026-02-20 13:23:21,969 [INFO] [45/50] 이육사 - 청포도
2026-02-20 13:23:21,969 [INFO]   → 위키문헌 시도: 청포도_(이육사)
2026-02-20 13:23:22,861 [WARNING]   위키문헌 실패 (청포도_(이육사)): 404 Client Error: Not Found for url: https://ko.wikisource.org/wiki/%EC%B2%AD%ED%8F%AC%EB%8F%84_%28%EC%9D%B4%EC%9C%A1%EC%82%AC%29
2026-02-20 13:23:22,862 [INFO]   → 공유마당 다운로드 시도: wrtSn=9003719
2026-02-20 13:23:24,567 [INFO]   → 공유마당 페이지 텍스트 시도
2026-02-20 13:23:25,465 [WARNING]   ❌ 실패: 이육사 - 청포도
2026-02-20 13:23:27,467 [INFO] [46/50] 강경애 - 인간문제
2026-02-20 13:23:27,468 [INFO]   → 공유마당 다운로드 시도: wrtSn=9002027
2026-02-20 13:23:29,225 [INFO]   → 공유마당 페이지 텍스트 시도
2026-02-20 13:23:29,570 [WARNING]   ❌ 실패: 강경애 - 인간문제
2026-02-20 13:23:31,571 [INFO] [47/50] 전영택 - 화수분
2026-02-20 13:23:31,571 [INFO]   → 위키문헌 시도: 화수분_(소설)
2026-02-20 13:23:32,528 [WARNING]   위키문헌 실패 (화수분_(소설)): 404 Client Error: Not Found for url: https://ko.wikisource.org/wiki/%ED%99%94%EC%88%98%EB%B6%84_%28%EC%86%8C%EC%84%A4%29
2026-02-20 13:23:32,529 [INFO]   → 공유마당 다운로드 시도: wrtSn=9002248
2026-02-20 13:23:34,259 [INFO]   → 공유마당 페이지 텍스트 시도
2026-02-20 13:23:35,228 [WARNING]   ❌ 실패: 전영택 - 화수분
2026-02-20 13:23:37,228 [INFO] [48/50] 방정환 - 만년샤쓰
2026-02-20 13:23:37,229 [INFO]   → 위키문헌 시도: 만년샤쓰
2026-02-20 13:23:38,166 [WARNING]   위키문헌 실패 (만년샤쓰): 404 Client Error: Not Found for url: https://ko.wikisource.org/wiki/%EB%A7%8C%EB%85%84%EC%83%A4%EC%93%B0
2026-02-20 13:23:38,168 [INFO]   → 공유마당 다운로드 시도: wrtSn=9030099
2026-02-20 13:23:39,320 [INFO]   ✓ 공유마당 파일 성공 (749자)
2026-02-20 13:23:39,321 [INFO]   ✅ 저장: collected_texts\방정환\방정환_만년샤쓰.txt
2026-02-20 13:23:41,321 [INFO] [49/50] 김내성 - 마인
2026-02-20 13:23:41,322 [INFO]   → 공유마당 다운로드 시도: wrtSn=9002042
2026-02-20 13:23:43,029 [INFO]   ✓ 공유마당 파일 성공 (33,600자)
2026-02-20 13:23:43,031 [INFO]   ✅ 저장: collected_texts\김내성\김내성_마인.txt
2026-02-20 13:23:45,032 [INFO] [50/50] 안국선 - 금수회의록
2026-02-20 13:23:45,032 [INFO]   → 위키문헌 시도: 금수회의록
2026-02-20 13:23:46,610 [INFO]   ✓ 위키문헌 성공 (26,629자)
2026-02-20 13:23:46,611 [INFO]   ✅ 저장: collected_texts\안국선\안국선_금수회의록.txt
