2026-02-20 13:30:32,345 [INFO] ──────────────────────────────────────────────────
2026-02-20 13:30:32,345 [INFO] 윤동주 - 서시
2026-02-20 13:30:32,345 [INFO]   → 위키문헌: 하늘과_바람과_별과_시_(1948년)/서시
2026-02-20 13:30:32,996 [INFO]   ✓ 위키문헌 성공 (424자)
2026-02-20 13:30:32,997 [INFO]   ✅ 저장: collected_texts\윤동주\윤동주_서시.txt
2026-02-20 13:30:34,998 [INFO] ──────────────────────────────────────────────────
2026-02-20 13:30:34,999 [INFO] 윤동주 - 별 헤는 밤
2026-02-20 13:30:35,000 [INFO]   → 위키문헌: 하늘과_바람과_별과_시_(1948년)/별_헤는_밤
2026-02-20 13:30:35,586 [INFO]   ✓ 위키문헌 성공 (895자)
2026-02-20 13:30:35,588 [INFO]   ✅ 저장: collected_texts\윤동주\윤동주_별_헤는_밤.txt
2026-02-20 13:30:37,589 [INFO] ──────────────────────────────────────────────────
2026-02-20 13:30:37,589 [INFO] 윤동주 - 자화상
2026-02-20 13:30:37,589 [INFO]   → 위키문헌: 하늘과_바람과_별과_시_(1948년)/자화상
2026-02-20 13:30:38,564 [INFO]   ✓ 위키문헌 성공 (568자)
2026-02-20 13:30:38,565 [INFO]   ✅ 저장: collected_texts\윤동주\윤동주_자화상.txt
2026-02-20 13:30:40,566 [INFO] ──────────────────────────────────────────────────
2026-02-20 13:30:40,566 [INFO] 김소월 - 산유화
2026-02-20 13:30:40,566 [INFO]   → 위키문헌: 진달래꽃_(시집)/산유화
2026-02-20 13:30:41,454 [INFO]   ✓ 위키문헌 성공 (491자)
2026-02-20 13:30:41,455 [INFO]   ✅ 저장: collected_texts\김소월\김소월_산유화.txt
2026-02-20 13:30:43,456 [INFO] ──────────────────────────────────────────────────
2026-02-20 13:30:43,456 [INFO] 김소월 - 초혼
2026-02-20 13:30:43,456 [INFO]   → 위키문헌: 진달래꽃_(시집)/초혼
2026-02-20 13:30:44,318 [INFO]   ✓ 위키문헌 성공 (581자)
2026-02-20 13:30:44,319 [INFO]   ✅ 저장: collected_texts\김소월\김소월_초혼.txt
2026-02-20 13:30:46,320 [INFO] ──────────────────────────────────────────────────
2026-02-20 13:30:46,320 [INFO] 한용운 - 알 수 없어요
2026-02-20 13:30:46,320 [INFO]   → 위키문헌: 님의_침묵_(시집)/알_수_없어요
2026-02-20 13:30:47,661 [WARNING]   위키문헌 실패 (님의_침묵_(시집)/알_수_없어요): 404 Client Error: Not Found for url: https://ko.wikisource.org/wiki/%EB%8B%98%EC%9D%98_%EC%B9%A8%EB%AC%B5_%28%EC%8B%9C%EC%A7%91%29/%EC%95%8C_%EC%88%98_%EC%97%86%EC%96%B4%EC%9A%94
2026-02-20 13:30:48,664 [INFO]   → 위키문헌: 알_수_없어요
2026-02-20 13:30:49,189 [WARNING]   위키문헌 실패 (알_수_없어요): 404 Client Error: Not Found for url: https://ko.wikisource.org/wiki/%EC%95%8C_%EC%88%98_%EC%97%86%EC%96%B4%EC%9A%94
2026-02-20 13:30:50,190 [WARNING]   ❌ 실패: 한용운 - 알 수 없어요
2026-02-20 13:30:52,192 [INFO] ──────────────────────────────────────────────────
2026-02-20 13:30:52,192 [INFO] 한용운 - 나룻배와 행인
2026-02-20 13:30:52,192 [INFO]   → 위키문헌: 님의_침묵_(시집)/나룻배와_행인
2026-02-20 13:30:53,120 [WARNING]   위키문헌 실패 (님의_침묵_(시집)/나룻배와_행인): 404 Client Error: Not Found for url: https://ko.wikisource.org/wiki/%EB%8B%98%EC%9D%98_%EC%B9%A8%EB%AC%B5_%28%EC%8B%9C%EC%A7%91%29/%EB%82%98%EB%A3%BB%EB%B0%B0%EC%99%80_%ED%96%89%EC%9D%B8
2026-02-20 13:30:54,122 [INFO]   → 위키문헌: 나룻배와_행인
2026-02-20 13:30:54,634 [WARNING]   위키문헌 실패 (나룻배와_행인): 404 Client Error: Not Found for url: https://ko.wikisource.org/wiki/%EB%82%98%EB%A3%BB%EB%B0%B0%EC%99%80_%ED%96%89%EC%9D%B8
2026-02-20 13:30:55,635 [WARNING]   ❌ 실패: 한용운 - 나룻배와 행인
2026-02-20 13:30:57,636 [INFO] ──────────────────────────────────────────────────
2026-02-20 13:30:57,636 [INFO] 이효석 - 돈
2026-02-20 13:30:57,637 [INFO]   → 위키문헌: 돈_(이효석)
2026-02-20 13:30:58,207 [WARNING]   위키문헌 실패 (돈_(이효석)): 404 Client Error: Not Found for url: https://ko.wikisource.org/wiki/%EB%8F%88_%28%EC%9D%B4%ED%9A%A8%EC%84%9D%29
2026-02-20 13:30:59,208 [INFO]   → 위키문헌: 돈
2026-02-20 13:31:00,147 [INFO]   ✓ 위키문헌 성공 (5,020자)
2026-02-20 13:31:00,148 [INFO]   ✅ 저장: collected_texts\이효석\이효석_돈.txt
2026-02-20 13:31:02,148 [INFO] ──────────────────────────────────────────────────
2026-02-20 13:31:02,148 [INFO] 이효석 - 산
2026-02-20 13:31:02,149 [INFO]   → 위키문헌: 산_(이효석)
2026-02-20 13:31:03,908 [INFO]   ✓ 위키문헌 성공 (6,074자)
2026-02-20 13:31:03,909 [INFO]   ✅ 저장: collected_texts\이효석\이효석_산.txt
2026-02-20 13:31:05,910 [INFO] ──────────────────────────────────────────────────
2026-02-20 13:31:05,911 [INFO] 채만식 - 탁류
2026-02-20 13:31:05,912 [INFO]   → 위키문헌: 탁류
2026-02-20 13:31:05,913 [INFO]     → 챕터: 제1장
2026-02-20 13:31:08,224 [INFO]     → 챕터: 제2장
2026-02-20 13:31:10,781 [INFO]     → 챕터: 제3장
2026-02-20 13:31:12,722 [INFO]     → 챕터: 제4장
2026-02-20 13:31:14,890 [INFO]     → 챕터: 제5장
2026-02-20 13:31:16,975 [INFO]     → 챕터: 제6장
2026-02-20 13:31:18,867 [INFO]     → 챕터: 제7장
2026-02-20 13:31:21,235 [INFO]     → 챕터: 제8장
2026-02-20 13:31:23,657 [INFO]     → 챕터: 제9장
2026-02-20 13:31:25,766 [INFO]     → 챕터: 제10장
2026-02-20 13:31:28,342 [INFO]     → 챕터: 제11장
2026-02-20 13:31:30,228 [INFO]     → 챕터: 제12장
2026-02-20 13:31:32,157 [INFO]     → 챕터: 제13장
2026-02-20 13:31:34,565 [INFO]     → 챕터: 제14장
2026-02-20 13:31:36,518 [INFO]     → 챕터: 제15장
2026-02-20 13:31:39,272 [INFO]     → 챕터: 제16장
2026-02-20 13:31:41,178 [INFO]     → 챕터: 제17장
2026-02-20 13:31:43,176 [INFO]     → 챕터: 제18장
2026-02-20 13:31:45,095 [INFO]     → 챕터: 제19장
2026-02-20 13:31:47,201 [INFO]     → 챕터: 제20장
2026-02-20 13:31:48,405 [WARNING]   위키문헌 실패 (탁류/제20장): 404 Client Error: Not Found for url: https://ko.wikisource.org/wiki/%ED%83%81%EB%A5%98/%EC%A0%9C20%EC%9E%A5
2026-02-20 13:31:49,407 [INFO]     → 챕터: 제21장
2026-02-20 13:31:50,571 [WARNING]   위키문헌 실패 (탁류/제21장): 404 Client Error: Not Found for url: https://ko.wikisource.org/wiki/%ED%83%81%EB%A5%98/%EC%A0%9C21%EC%9E%A5
2026-02-20 13:31:51,572 [INFO]     → 챕터: 제22장
2026-02-20 13:31:52,857 [WARNING]   위키문헌 실패 (탁류/제22장): 404 Client Error: Not Found for url: https://ko.wikisource.org/wiki/%ED%83%81%EB%A5%98/%EC%A0%9C22%EC%9E%A5
2026-02-20 13:31:53,858 [INFO]     → 챕터: 제23장
2026-02-20 13:31:54,741 [WARNING]   위키문헌 실패 (탁류/제23장): 404 Client Error: Not Found for url: https://ko.wikisource.org/wiki/%ED%83%81%EB%A5%98/%EC%A0%9C23%EC%9E%A5
2026-02-20 13:31:55,743 [INFO]     → 챕터: 제24장
2026-02-20 13:31:56,667 [WARNING]   위키문헌 실패 (탁류/제24장): 404 Client Error: Not Found for url: https://ko.wikisource.org/wiki/%ED%83%81%EB%A5%98/%EC%A0%9C24%EC%9E%A5
2026-02-20 13:31:57,668 [INFO]     → 챕터: 제25장
2026-02-20 13:31:58,617 [WARNING]   위키문헌 실패 (탁류/제25장): 404 Client Error: Not Found for url: https://ko.wikisource.org/wiki/%ED%83%81%EB%A5%98/%EC%A0%9C25%EC%9E%A5
2026-02-20 13:31:59,618 [INFO]     → 챕터: 제26장
2026-02-20 13:32:00,795 [WARNING]   위키문헌 실패 (탁류/제26장): 404 Client Error: Not Found for url: https://ko.wikisource.org/wiki/%ED%83%81%EB%A5%98/%EC%A0%9C26%EC%9E%A5
2026-02-20 13:32:01,797 [INFO]     → 챕터: 제27장
2026-02-20 13:32:02,746 [WARNING]   위키문헌 실패 (탁류/제27장): 404 Client Error: Not Found for url: https://ko.wikisource.org/wiki/%ED%83%81%EB%A5%98/%EC%A0%9C27%EC%9E%A5
2026-02-20 13:32:03,748 [INFO]     → 챕터: 제28장
2026-02-20 13:32:04,817 [WARNING]   위키문헌 실패 (탁류/제28장): 404 Client Error: Not Found for url: https://ko.wikisource.org/wiki/%ED%83%81%EB%A5%98/%EC%A0%9C28%EC%9E%A5
2026-02-20 13:32:05,819 [INFO]     → 챕터: 제29장
2026-02-20 13:32:06,732 [WARNING]   위키문헌 실패 (탁류/제29장): 404 Client Error: Not Found for url: https://ko.wikisource.org/wiki/%ED%83%81%EB%A5%98/%EC%A0%9C29%EC%9E%A5
2026-02-20 13:32:07,735 [INFO]     → 챕터: 제30장
2026-02-20 13:32:08,810 [WARNING]   위키문헌 실패 (탁류/제30장): 404 Client Error: Not Found for url: https://ko.wikisource.org/wiki/%ED%83%81%EB%A5%98/%EC%A0%9C30%EC%9E%A5
2026-02-20 13:32:09,811 [INFO]     → 챕터: 제31장
2026-02-20 13:32:11,091 [WARNING]   위키문헌 실패 (탁류/제31장): 404 Client Error: Not Found for url: https://ko.wikisource.org/wiki/%ED%83%81%EB%A5%98/%EC%A0%9C31%EC%9E%A5
2026-02-20 13:32:12,093 [INFO]     → 챕터: 제32장
2026-02-20 13:32:13,012 [WARNING]   위키문헌 실패 (탁류/제32장): 404 Client Error: Not Found for url: https://ko.wikisource.org/wiki/%ED%83%81%EB%A5%98/%EC%A0%9C32%EC%9E%A5
2026-02-20 13:32:14,013 [INFO]     → 챕터: 제33장
2026-02-20 13:32:14,925 [WARNING]   위키문헌 실패 (탁류/제33장): 404 Client Error: Not Found for url: https://ko.wikisource.org/wiki/%ED%83%81%EB%A5%98/%EC%A0%9C33%EC%9E%A5
2026-02-20 13:32:15,930 [INFO]     → 챕터: 제34장
2026-02-20 13:32:17,204 [WARNING]   위키문헌 실패 (탁류/제34장): 404 Client Error: Not Found for url: https://ko.wikisource.org/wiki/%ED%83%81%EB%A5%98/%EC%A0%9C34%EC%9E%A5
2026-02-20 13:32:18,209 [INFO]     → 챕터: 제35장
2026-02-20 13:32:19,103 [WARNING]   위키문헌 실패 (탁류/제35장): 404 Client Error: Not Found for url: https://ko.wikisource.org/wiki/%ED%83%81%EB%A5%98/%EC%A0%9C35%EC%9E%A5
2026-02-20 13:32:20,105 [INFO]     → 챕터: 제36장
2026-02-20 13:32:21,412 [WARNING]   위키문헌 실패 (탁류/제36장): 404 Client Error: Not Found for url: https://ko.wikisource.org/wiki/%ED%83%81%EB%A5%98/%EC%A0%9C36%EC%9E%A5
2026-02-20 13:32:22,414 [INFO]     → 챕터: 제37장
2026-02-20 13:32:23,734 [WARNING]   위키문헌 실패 (탁류/제37장): 404 Client Error: Not Found for url: https://ko.wikisource.org/wiki/%ED%83%81%EB%A5%98/%EC%A0%9C37%EC%9E%A5
2026-02-20 13:32:24,735 [INFO]   ✓ 위키문헌 챕터 수집 성공 (418,853자)
2026-02-20 13:32:24,739 [INFO]   ✅ 저장: collected_texts\채만식\채만식_탁류.txt
2026-02-20 13:32:26,740 [INFO] ──────────────────────────────────────────────────
2026-02-20 13:32:26,740 [INFO] 채만식 - 태평천하
2026-02-20 13:32:26,740 [INFO]   → 위키문헌: 태평천하
2026-02-20 13:32:26,741 [INFO]     → 챕터: 제1장
2026-02-20 13:32:28,686 [INFO]     → 챕터: 제2장
2026-02-20 13:32:30,547 [INFO]     → 챕터: 제3장
2026-02-20 13:32:32,466 [INFO]     → 챕터: 제4장
2026-02-20 13:32:34,366 [INFO]     → 챕터: 제5장
2026-02-20 13:32:36,356 [INFO]     → 챕터: 제6장
2026-02-20 13:32:38,624 [INFO]     → 챕터: 제7장
2026-02-20 13:32:40,527 [INFO]     → 챕터: 제8장
2026-02-20 13:32:42,600 [INFO]     → 챕터: 제9장
2026-02-20 13:32:44,555 [INFO]     → 챕터: 제10장
2026-02-20 13:32:46,927 [INFO]     → 챕터: 제11장
2026-02-20 13:32:48,855 [INFO]     → 챕터: 제12장
2026-02-20 13:32:50,736 [INFO]   ✓ 위키문헌 챕터 수집 성공 (140,264자)
2026-02-20 13:32:50,739 [INFO]   ✅ 저장: collected_texts\채만식\채만식_태평천하.txt
2026-02-20 13:32:52,740 [INFO] ──────────────────────────────────────────────────
2026-02-20 13:32:52,741 [INFO] 최서해 - 홍염
2026-02-20 13:32:52,741 [INFO]   → 위키문헌: 홍염
2026-02-20 13:32:53,883 [INFO]   ✓ 위키문헌 성공 (16,114자)
2026-02-20 13:32:53,884 [INFO]   ✅ 저장: collected_texts\최서해\최서해_홍염.txt
2026-02-20 13:32:55,885 [INFO] ──────────────────────────────────────────────────
2026-02-20 13:32:55,885 [INFO] 이육사 - 절정
2026-02-20 13:32:55,886 [INFO]   → 위키문헌: 절정
2026-02-20 13:32:56,762 [INFO]   ✓ 위키문헌 성공 (407자)
2026-02-20 13:32:56,764 [INFO]   ✅ 저장: collected_texts\이육사\이육사_절정.txt
2026-02-20 13:32:58,765 [INFO] ──────────────────────────────────────────────────
2026-02-20 13:32:58,765 [INFO] 이육사 - 청포도
2026-02-20 13:32:58,765 [INFO]   → 위키문헌: 청포도
2026-02-20 13:32:59,637 [INFO]   ✓ 위키문헌 성공 (473자)
2026-02-20 13:32:59,638 [INFO]   ✅ 저장: collected_texts\이육사\이육사_청포도.txt
2026-02-20 13:33:01,638 [INFO] ──────────────────────────────────────────────────
2026-02-20 13:33:01,639 [INFO] 강경애 - 인간문제
2026-02-20 13:33:01,640 [INFO]   → 공유마당 파일: wrtSn=9002027
2026-02-20 13:33:03,401 [WARNING]   ❌ 실패: 강경애 - 인간문제
2026-02-20 13:33:05,401 [INFO] ──────────────────────────────────────────────────
2026-02-20 13:33:05,401 [INFO] 전영택 - 화수분
2026-02-20 13:33:05,401 [INFO]   → 위키문헌: 화수분
2026-02-20 13:33:06,325 [WARNING]   위키문헌 실패 (화수분): 404 Client Error: Not Found for url: https://ko.wikisource.org/wiki/%ED%99%94%EC%88%98%EB%B6%84
2026-02-20 13:33:07,326 [INFO]   → 위키문헌: 화수분_(전영택)
2026-02-20 13:33:08,253 [WARNING]   위키문헌 실패 (화수분_(전영택)): 404 Client Error: Not Found for url: https://ko.wikisource.org/wiki/%ED%99%94%EC%88%98%EB%B6%84_%28%EC%A0%84%EC%98%81%ED%83%9D%29
2026-02-20 13:33:09,254 [INFO]   → 공유마당 파일: wrtSn=9002248
2026-02-20 13:33:10,945 [WARNING]   ❌ 실패: 전영택 - 화수분
